<?xml version="1.0" encoding="UTF-8"?>
<testng-results ignored="0" total="1" passed="1" failed="0" skipped="0">
  <reporter-output>
  </reporter-output>
  <suite started-at="2023-03-06T01:32:03 IST" name="Surefire suite" finished-at="2023-03-06T01:32:30 IST" duration-ms="26879">
    <groups>
    </groups>
    <test started-at="2023-03-06T01:32:03 IST" name="Surefire test" finished-at="2023-03-06T01:32:30 IST" duration-ms="26879">
      <class name="SeleniumProject.sampleProject.AppTest">
        <test-method is-config="true" signature="Setup()[pri:0, instance:SeleniumProject.sampleProject.AppTest@3901d134]" started-at="2023-03-06T01:32:03 IST" name="Setup" finished-at="2023-03-06T01:32:11 IST" duration-ms="8070" status="PASS">
          <reporter-output>
          </reporter-output>
        </test-method> <!-- Setup -->
        <test-method signature="AddToCart()[pri:0, instance:SeleniumProject.sampleProject.AppTest@3901d134]" started-at="2023-03-06T01:32:11 IST" name="AddToCart" finished-at="2023-03-06T01:32:30 IST" duration-ms="18726" status="PASS">
          <reporter-output>
          </reporter-output>
        </test-method> <!-- AddToCart -->
      </class> <!-- SeleniumProject.sampleProject.AppTest -->
    </test> <!-- Surefire test -->
  </suite> <!-- Surefire suite -->
</testng-results>
