<?xml version="1.0" encoding="UTF-8"?>
<testng-results ignored="0" total="1" passed="1" failed="0" skipped="0">
  <reporter-output>
  </reporter-output>
  <suite started-at="2023-03-06T11:01:09 IST" name="Default suite" finished-at="2023-03-06T11:01:34 IST" duration-ms="24831">
    <groups>
    </groups>
    <test started-at="2023-03-06T11:01:09 IST" name="Default test" finished-at="2023-03-06T11:01:34 IST" duration-ms="24831">
      <class name="SeleniumProject.sampleProject.AppTest">
        <test-method is-config="true" signature="Setup()[pri:0, instance:SeleniumProject.sampleProject.AppTest@7526515b]" started-at="2023-03-06T11:01:09 IST" name="Setup" finished-at="2023-03-06T11:01:15 IST" duration-ms="5898" status="PASS">
          <reporter-output>
          </reporter-output>
        </test-method> <!-- Setup -->
        <test-method signature="AddToCart()[pri:0, instance:SeleniumProject.sampleProject.AppTest@7526515b]" started-at="2023-03-06T11:01:15 IST" name="AddToCart" finished-at="2023-03-06T11:01:34 IST" duration-ms="18787" status="PASS">
          <reporter-output>
          </reporter-output>
        </test-method> <!-- AddToCart -->
      </class> <!-- SeleniumProject.sampleProject.AppTest -->
    </test> <!-- Default test -->
  </suite> <!-- Default suite -->
</testng-results>
